{
  "/home/delia/Workspace/movies2uExpress/src/app.js": {
    "path": "/home/delia/Workspace/movies2uExpress/src/app.js",
    "statementMap": {
      "0": {
        "start": {
          "line": 1,
          "column": 0
        },
        "end": {
          "line": 1,
          "column": 24
        }
      },
      "1": {
        "start": {
          "line": 2,
          "column": 16
        },
        "end": {
          "line": 2,
          "column": 34
        }
      },
      "2": {
        "start": {
          "line": 3,
          "column": 12
        },
        "end": {
          "line": 3,
          "column": 21
        }
      },
      "3": {
        "start": {
          "line": 4,
          "column": 13
        },
        "end": {
          "line": 4,
          "column": 28
        }
      },
      "4": {
        "start": {
          "line": 5,
          "column": 21
        },
        "end": {
          "line": 5,
          "column": 45
        }
      },
      "5": {
        "start": {
          "line": 6,
          "column": 15
        },
        "end": {
          "line": 6,
          "column": 32
        }
      },
      "6": {
        "start": {
          "line": 7,
          "column": 18
        },
        "end": {
          "line": 7,
          "column": 44
        }
      },
      "7": {
        "start": {
          "line": 8,
          "column": 13
        },
        "end": {
          "line": 8,
          "column": 28
        }
      },
      "8": {
        "start": {
          "line": 9,
          "column": 25
        },
        "end": {
          "line": 9,
          "column": 61
        }
      },
      "9": {
        "start": {
          "line": 10,
          "column": 21
        },
        "end": {
          "line": 10,
          "column": 45
        }
      },
      "10": {
        "start": {
          "line": 11,
          "column": 18
        },
        "end": {
          "line": 11,
          "column": 47
        }
      },
      "11": {
        "start": {
          "line": 14,
          "column": 0
        },
        "end": {
          "line": 14,
          "column": 33
        }
      },
      "12": {
        "start": {
          "line": 17,
          "column": 23
        },
        "end": {
          "line": 40,
          "column": 1
        }
      },
      "13": {
        "start": {
          "line": 42,
          "column": 14
        },
        "end": {
          "line": 42,
          "column": 42
        }
      },
      "14": {
        "start": {
          "line": 43,
          "column": 0
        },
        "end": {
          "line": 43,
          "column": 61
        }
      },
      "15": {
        "start": {
          "line": 46,
          "column": 20
        },
        "end": {
          "line": 46,
          "column": 45
        }
      },
      "16": {
        "start": {
          "line": 47,
          "column": 21
        },
        "end": {
          "line": 47,
          "column": 47
        }
      },
      "17": {
        "start": {
          "line": 48,
          "column": 20
        },
        "end": {
          "line": 48,
          "column": 45
        }
      },
      "18": {
        "start": {
          "line": 51,
          "column": 0
        },
        "end": {
          "line": 51,
          "column": 15
        }
      },
      "19": {
        "start": {
          "line": 54,
          "column": 0
        },
        "end": {
          "line": 54,
          "column": 11
        }
      },
      "20": {
        "start": {
          "line": 57,
          "column": 0
        },
        "end": {
          "line": 59,
          "column": 1
        }
      },
      "21": {
        "start": {
          "line": 58,
          "column": 2
        },
        "end": {
          "line": 58,
          "column": 24
        }
      },
      "22": {
        "start": {
          "line": 61,
          "column": 0
        },
        "end": {
          "line": 61,
          "column": 23
        }
      },
      "23": {
        "start": {
          "line": 63,
          "column": 0
        },
        "end": {
          "line": 63,
          "column": 48
        }
      },
      "24": {
        "start": {
          "line": 64,
          "column": 0
        },
        "end": {
          "line": 64,
          "column": 23
        }
      },
      "25": {
        "start": {
          "line": 65,
          "column": 0
        },
        "end": {
          "line": 65,
          "column": 55
        }
      },
      "26": {
        "start": {
          "line": 67,
          "column": 0
        },
        "end": {
          "line": 67,
          "column": 25
        }
      },
      "27": {
        "start": {
          "line": 68,
          "column": 0
        },
        "end": {
          "line": 68,
          "column": 32
        }
      },
      "28": {
        "start": {
          "line": 69,
          "column": 0
        },
        "end": {
          "line": 69,
          "column": 30
        }
      },
      "29": {
        "start": {
          "line": 71,
          "column": 0
        },
        "end": {
          "line": 71,
          "column": 21
        }
      },
      "30": {
        "start": {
          "line": 73,
          "column": 0
        },
        "end": {
          "line": 73,
          "column": 27
        }
      },
      "31": {
        "start": {
          "line": 74,
          "column": 0
        },
        "end": {
          "line": 76,
          "column": 1
        }
      },
      "32": {
        "start": {
          "line": 78,
          "column": 0
        },
        "end": {
          "line": 78,
          "column": 20
        }
      }
    },
    "fnMap": {},
    "branchMap": {
      "0": {
        "loc": {
          "start": {
            "line": 57,
            "column": 0
          },
          "end": {
            "line": 59,
            "column": 1
          }
        },
        "type": "if",
        "locations": [
          {
            "start": {
              "line": 57,
              "column": 0
            },
            "end": {
              "line": 59,
              "column": 1
            }
          },
          {
            "start": {
              "line": 57,
              "column": 0
            },
            "end": {
              "line": 59,
              "column": 1
            }
          }
        ],
        "line": 57
      }
    },
    "s": {
      "0": 1,
      "1": 1,
      "2": 1,
      "3": 1,
      "4": 1,
      "5": 1,
      "6": 1,
      "7": 1,
      "8": 1,
      "9": 1,
      "10": 1,
      "11": 1,
      "12": 1,
      "13": 1,
      "14": 1,
      "15": 1,
      "16": 1,
      "17": 1,
      "18": 1,
      "19": 1,
      "20": 1,
      "21": 1,
      "22": 1,
      "23": 1,
      "24": 1,
      "25": 1,
      "26": 1,
      "27": 1,
      "28": 1,
      "29": 1,
      "30": 1,
      "31": 1,
      "32": 1
    },
    "f": {},
    "b": {
      "0": [
        1,
        0
      ]
    },
    "_coverageSchema": "1a1c01bbd47fc00a2c39e90264f33305004495a9",
    "hash": "36e173e2879af65ae7214a609e985b63046a35ab",
    "contentHash": "ad80477c430c2cf5da09a12432ca272b9e031ced8704818762523ea58e2eaf9d"
  },
  "/home/delia/Workspace/movies2uExpress/src/middleware/db.js": {
    "path": "/home/delia/Workspace/movies2uExpress/src/middleware/db.js",
    "statementMap": {
      "0": {
        "start": {
          "line": 1,
          "column": 17
        },
        "end": {
          "line": 1,
          "column": 36
        }
      },
      "1": {
        "start": {
          "line": 2,
          "column": 0
        },
        "end": {
          "line": 2,
          "column": 24
        }
      },
      "2": {
        "start": {
          "line": 4,
          "column": 18
        },
        "end": {
          "line": 15,
          "column": 1
        }
      },
      "3": {
        "start": {
          "line": 5,
          "column": 2
        },
        "end": {
          "line": 14,
          "column": 3
        }
      },
      "4": {
        "start": {
          "line": 6,
          "column": 17
        },
        "end": {
          "line": 9,
          "column": 6
        }
      },
      "5": {
        "start": {
          "line": 10,
          "column": 4
        },
        "end": {
          "line": 10,
          "column": 63
        }
      },
      "6": {
        "start": {
          "line": 12,
          "column": 4
        },
        "end": {
          "line": 12,
          "column": 22
        }
      },
      "7": {
        "start": {
          "line": 13,
          "column": 4
        },
        "end": {
          "line": 13,
          "column": 19
        }
      },
      "8": {
        "start": {
          "line": 19,
          "column": 25
        },
        "end": {
          "line": 24,
          "column": 1
        }
      },
      "9": {
        "start": {
          "line": 20,
          "column": 2
        },
        "end": {
          "line": 23,
          "column": 4
        }
      },
      "10": {
        "start": {
          "line": 21,
          "column": 4
        },
        "end": {
          "line": 21,
          "column": 55
        }
      },
      "11": {
        "start": {
          "line": 22,
          "column": 4
        },
        "end": {
          "line": 22,
          "column": 14
        }
      },
      "12": {
        "start": {
          "line": 26,
          "column": 0
        },
        "end": {
          "line": 30,
          "column": 2
        }
      },
      "13": {
        "start": {
          "line": 27,
          "column": 2
        },
        "end": {
          "line": 29,
          "column": 4
        }
      },
      "14": {
        "start": {
          "line": 28,
          "column": 4
        },
        "end": {
          "line": 28,
          "column": 40
        }
      },
      "15": {
        "start": {
          "line": 33,
          "column": 0
        },
        "end": {
          "line": 37,
          "column": 2
        }
      },
      "16": {
        "start": {
          "line": 34,
          "column": 2
        },
        "end": {
          "line": 36,
          "column": 4
        }
      },
      "17": {
        "start": {
          "line": 35,
          "column": 4
        },
        "end": {
          "line": 35,
          "column": 19
        }
      },
      "18": {
        "start": {
          "line": 40,
          "column": 0
        },
        "end": {
          "line": 40,
          "column": 27
        }
      },
      "19": {
        "start": {
          "line": 42,
          "column": 0
        },
        "end": {
          "line": 42,
          "column": 26
        }
      }
    },
    "fnMap": {
      "0": {
        "name": "(anonymous_0)",
        "decl": {
          "start": {
            "line": 4,
            "column": 18
          },
          "end": {
            "line": 4,
            "column": 19
          }
        },
        "loc": {
          "start": {
            "line": 4,
            "column": 30
          },
          "end": {
            "line": 15,
            "column": 1
          }
        },
        "line": 4
      },
      "1": {
        "name": "(anonymous_1)",
        "decl": {
          "start": {
            "line": 19,
            "column": 25
          },
          "end": {
            "line": 19,
            "column": 26
          }
        },
        "loc": {
          "start": {
            "line": 19,
            "column": 44
          },
          "end": {
            "line": 24,
            "column": 1
          }
        },
        "line": 19
      },
      "2": {
        "name": "(anonymous_2)",
        "decl": {
          "start": {
            "line": 20,
            "column": 28
          },
          "end": {
            "line": 20,
            "column": 29
          }
        },
        "loc": {
          "start": {
            "line": 20,
            "column": 34
          },
          "end": {
            "line": 23,
            "column": 3
          }
        },
        "line": 20
      },
      "3": {
        "name": "(anonymous_3)",
        "decl": {
          "start": {
            "line": 26,
            "column": 24
          },
          "end": {
            "line": 26,
            "column": 25
          }
        },
        "loc": {
          "start": {
            "line": 26,
            "column": 30
          },
          "end": {
            "line": 30,
            "column": 1
          }
        },
        "line": 26
      },
      "4": {
        "name": "(anonymous_4)",
        "decl": {
          "start": {
            "line": 27,
            "column": 38
          },
          "end": {
            "line": 27,
            "column": 39
          }
        },
        "loc": {
          "start": {
            "line": 27,
            "column": 44
          },
          "end": {
            "line": 29,
            "column": 3
          }
        },
        "line": 27
      },
      "5": {
        "name": "(anonymous_5)",
        "decl": {
          "start": {
            "line": 33,
            "column": 21
          },
          "end": {
            "line": 33,
            "column": 22
          }
        },
        "loc": {
          "start": {
            "line": 33,
            "column": 27
          },
          "end": {
            "line": 37,
            "column": 1
          }
        },
        "line": 33
      },
      "6": {
        "name": "(anonymous_6)",
        "decl": {
          "start": {
            "line": 34,
            "column": 38
          },
          "end": {
            "line": 34,
            "column": 39
          }
        },
        "loc": {
          "start": {
            "line": 34,
            "column": 44
          },
          "end": {
            "line": 36,
            "column": 3
          }
        },
        "line": 34
      }
    },
    "branchMap": {},
    "s": {
      "0": 1,
      "1": 1,
      "2": 1,
      "3": 1,
      "4": 1,
      "5": 1,
      "6": 0,
      "7": 0,
      "8": 1,
      "9": 3,
      "10": 1,
      "11": 1,
      "12": 1,
      "13": 0,
      "14": 0,
      "15": 1,
      "16": 3,
      "17": 1,
      "18": 1,
      "19": 1
    },
    "f": {
      "0": 1,
      "1": 3,
      "2": 1,
      "3": 0,
      "4": 0,
      "5": 3,
      "6": 1
    },
    "b": {},
    "_coverageSchema": "1a1c01bbd47fc00a2c39e90264f33305004495a9",
    "hash": "94fbb2a8c27b8ff3d2a8da5f7a12fed3b391130d",
    "contentHash": "6f1146a3f2eec9724cb1c6f0e2ff8814705cf4d8ea676e256f7ddf146de53d5d"
  },
  "/home/delia/Workspace/movies2uExpress/src/models/movies.js": {
    "path": "/home/delia/Workspace/movies2uExpress/src/models/movies.js",
    "statementMap": {
      "0": {
        "start": {
          "line": 1,
          "column": 17
        },
        "end": {
          "line": 1,
          "column": 36
        }
      },
      "1": {
        "start": {
          "line": 2,
          "column": 17
        },
        "end": {
          "line": 2,
          "column": 45
        }
      },
      "2": {
        "start": {
          "line": 4,
          "column": 21
        },
        "end": {
          "line": 22,
          "column": 2
        }
      },
      "3": {
        "start": {
          "line": 24,
          "column": 20
        },
        "end": {
          "line": 45,
          "column": 2
        }
      },
      "4": {
        "start": {
          "line": 105,
          "column": 0
        },
        "end": {
          "line": 105,
          "column": 53
        }
      }
    },
    "fnMap": {},
    "branchMap": {},
    "s": {
      "0": 4,
      "1": 4,
      "2": 4,
      "3": 4,
      "4": 4
    },
    "f": {},
    "b": {},
    "_coverageSchema": "1a1c01bbd47fc00a2c39e90264f33305004495a9",
    "hash": "9134ba143a46ccb3a172dc4d428a127929578d07",
    "contentHash": "f69c63bf86277853a10738823414300225e3f171432bd2547e92ee3f821ae1f2"
  },
  "/home/delia/Workspace/movies2uExpress/src/utils/geocoder.js": {
    "path": "/home/delia/Workspace/movies2uExpress/src/utils/geocoder.js",
    "statementMap": {
      "0": {
        "start": {
          "line": 1,
          "column": 21
        },
        "end": {
          "line": 1,
          "column": 45
        }
      },
      "1": {
        "start": {
          "line": 2,
          "column": 0
        },
        "end": {
          "line": 2,
          "column": 24
        }
      },
      "2": {
        "start": {
          "line": 4,
          "column": 16
        },
        "end": {
          "line": 10,
          "column": 1
        }
      },
      "3": {
        "start": {
          "line": 12,
          "column": 17
        },
        "end": {
          "line": 12,
          "column": 38
        }
      },
      "4": {
        "start": {
          "line": 14,
          "column": 0
        },
        "end": {
          "line": 14,
          "column": 25
        }
      }
    },
    "fnMap": {},
    "branchMap": {},
    "s": {
      "0": 4,
      "1": 4,
      "2": 4,
      "3": 4,
      "4": 4
    },
    "f": {},
    "b": {},
    "_coverageSchema": "1a1c01bbd47fc00a2c39e90264f33305004495a9",
    "hash": "176d24c163fcd6e875f549213b2017b301050fe3",
    "contentHash": "941e41465fe9e70a931bf93efaf9055216025a9958449be31e6a24229706c203"
  },
  "/home/delia/Workspace/movies2uExpress/src/middleware/errorHandler.js": {
    "path": "/home/delia/Workspace/movies2uExpress/src/middleware/errorHandler.js",
    "statementMap": {
      "0": {
        "start": {
          "line": 1,
          "column": 21
        },
        "end": {
          "line": 9,
          "column": 1
        }
      },
      "1": {
        "start": {
          "line": 2,
          "column": 21
        },
        "end": {
          "line": 2,
          "column": 58
        }
      },
      "2": {
        "start": {
          "line": 3,
          "column": 2
        },
        "end": {
          "line": 3,
          "column": 24
        }
      },
      "3": {
        "start": {
          "line": 4,
          "column": 2
        },
        "end": {
          "line": 7,
          "column": 4
        }
      },
      "4": {
        "start": {
          "line": 8,
          "column": 2
        },
        "end": {
          "line": 8,
          "column": 8
        }
      },
      "5": {
        "start": {
          "line": 10,
          "column": 0
        },
        "end": {
          "line": 10,
          "column": 33
        }
      }
    },
    "fnMap": {
      "0": {
        "name": "(anonymous_0)",
        "decl": {
          "start": {
            "line": 1,
            "column": 21
          },
          "end": {
            "line": 1,
            "column": 22
          }
        },
        "loc": {
          "start": {
            "line": 1,
            "column": 46
          },
          "end": {
            "line": 9,
            "column": 1
          }
        },
        "line": 1
      }
    },
    "branchMap": {
      "0": {
        "loc": {
          "start": {
            "line": 2,
            "column": 21
          },
          "end": {
            "line": 2,
            "column": 58
          }
        },
        "type": "cond-expr",
        "locations": [
          {
            "start": {
              "line": 2,
              "column": 38
            },
            "end": {
              "line": 2,
              "column": 52
            }
          },
          {
            "start": {
              "line": 2,
              "column": 55
            },
            "end": {
              "line": 2,
              "column": 58
            }
          }
        ],
        "line": 2
      },
      "1": {
        "loc": {
          "start": {
            "line": 6,
            "column": 11
          },
          "end": {
            "line": 6,
            "column": 67
          }
        },
        "type": "cond-expr",
        "locations": [
          {
            "start": {
              "line": 6,
              "column": 51
            },
            "end": {
              "line": 6,
              "column": 55
            }
          },
          {
            "start": {
              "line": 6,
              "column": 58
            },
            "end": {
              "line": 6,
              "column": 67
            }
          }
        ],
        "line": 6
      }
    },
    "s": {
      "0": 1,
      "1": 0,
      "2": 0,
      "3": 0,
      "4": 0,
      "5": 1
    },
    "f": {
      "0": 0
    },
    "b": {
      "0": [
        0,
        0
      ],
      "1": [
        0,
        0
      ]
    },
    "_coverageSchema": "1a1c01bbd47fc00a2c39e90264f33305004495a9",
    "hash": "5575f6eefffcf1b4aaa50b40abb2a4547af85004",
    "contentHash": "ad65c5f68b46bc3fc6f6683854d6070370c6e585e650d92e30dd906d6fb30be9"
  },
  "/home/delia/Workspace/movies2uExpress/src/routes/index.js": {
    "path": "/home/delia/Workspace/movies2uExpress/src/routes/index.js",
    "statementMap": {
      "0": {
        "start": {
          "line": 1,
          "column": 16
        },
        "end": {
          "line": 1,
          "column": 34
        }
      },
      "1": {
        "start": {
          "line": 2,
          "column": 15
        },
        "end": {
          "line": 2,
          "column": 31
        }
      },
      "2": {
        "start": {
          "line": 3,
          "column": 42
        },
        "end": {
          "line": 3,
          "column": 74
        }
      },
      "3": {
        "start": {
          "line": 4,
          "column": 20
        },
        "end": {
          "line": 4,
          "column": 49
        }
      },
      "4": {
        "start": {
          "line": 64,
          "column": 0
        },
        "end": {
          "line": 66,
          "column": 2
        }
      },
      "5": {
        "start": {
          "line": 65,
          "column": 2
        },
        "end": {
          "line": 65,
          "column": 43
        }
      },
      "6": {
        "start": {
          "line": 109,
          "column": 0
        },
        "end": {
          "line": 109,
          "column": 34
        }
      },
      "7": {
        "start": {
          "line": 137,
          "column": 0
        },
        "end": {
          "line": 137,
          "column": 46
        }
      },
      "8": {
        "start": {
          "line": 139,
          "column": 0
        },
        "end": {
          "line": 139,
          "column": 23
        }
      }
    },
    "fnMap": {
      "0": {
        "name": "(anonymous_0)",
        "decl": {
          "start": {
            "line": 64,
            "column": 16
          },
          "end": {
            "line": 64,
            "column": 17
          }
        },
        "loc": {
          "start": {
            "line": 64,
            "column": 42
          },
          "end": {
            "line": 66,
            "column": 1
          }
        },
        "line": 64
      }
    },
    "branchMap": {},
    "s": {
      "0": 1,
      "1": 1,
      "2": 1,
      "3": 1,
      "4": 1,
      "5": 0,
      "6": 1,
      "7": 1,
      "8": 1
    },
    "f": {
      "0": 0
    },
    "b": {},
    "_coverageSchema": "1a1c01bbd47fc00a2c39e90264f33305004495a9",
    "hash": "3856af6fa3ee97eb616953823ac7592b8f542920",
    "contentHash": "1b871e322726980c8271d362db063fe5dc69c046b5ed5e5925d893671404df7e"
  },
  "/home/delia/Workspace/movies2uExpress/src/controllers/search.js": {
    "path": "/home/delia/Workspace/movies2uExpress/src/controllers/search.js",
    "statementMap": {
      "0": {
        "start": {
          "line": 2,
          "column": 17
        },
        "end": {
          "line": 2,
          "column": 36
        }
      },
      "1": {
        "start": {
          "line": 3,
          "column": 15
        },
        "end": {
          "line": 3,
          "column": 38
        }
      },
      "2": {
        "start": {
          "line": 4,
          "column": 21
        },
        "end": {
          "line": 4,
          "column": 53
        }
      },
      "3": {
        "start": {
          "line": 5,
          "column": 0
        },
        "end": {
          "line": 5,
          "column": 24
        }
      },
      "4": {
        "start": {
          "line": 6,
          "column": 14
        },
        "end": {
          "line": 6,
          "column": 30
        }
      },
      "5": {
        "start": {
          "line": 7,
          "column": 13
        },
        "end": {
          "line": 7,
          "column": 37
        }
      },
      "6": {
        "start": {
          "line": 9,
          "column": 21
        },
        "end": {
          "line": 11,
          "column": 1
        }
      },
      "7": {
        "start": {
          "line": 13,
          "column": 24
        },
        "end": {
          "line": 20,
          "column": 2
        }
      },
      "8": {
        "start": {
          "line": 14,
          "column": 14
        },
        "end": {
          "line": 18,
          "column": 6
        }
      },
      "9": {
        "start": {
          "line": 17,
          "column": 6
        },
        "end": {
          "line": 17,
          "column": 32
        }
      },
      "10": {
        "start": {
          "line": 19,
          "column": 2
        },
        "end": {
          "line": 19,
          "column": 17
        }
      },
      "11": {
        "start": {
          "line": 23,
          "column": 25
        },
        "end": {
          "line": 32,
          "column": 2
        }
      },
      "12": {
        "start": {
          "line": 24,
          "column": 2
        },
        "end": {
          "line": 28,
          "column": 3
        }
      },
      "13": {
        "start": {
          "line": 25,
          "column": 4
        },
        "end": {
          "line": 27,
          "column": 6
        }
      },
      "14": {
        "start": {
          "line": 29,
          "column": 19
        },
        "end": {
          "line": 29,
          "column": 37
        }
      },
      "15": {
        "start": {
          "line": 30,
          "column": 15
        },
        "end": {
          "line": 30,
          "column": 46
        }
      },
      "16": {
        "start": {
          "line": 31,
          "column": 2
        },
        "end": {
          "line": 31,
          "column": 35
        }
      },
      "17": {
        "start": {
          "line": 35,
          "column": 20
        },
        "end": {
          "line": 107,
          "column": 2
        }
      },
      "18": {
        "start": {
          "line": 36,
          "column": 22
        },
        "end": {
          "line": 36,
          "column": 31
        }
      },
      "19": {
        "start": {
          "line": 39,
          "column": 2
        },
        "end": {
          "line": 106,
          "column": 3
        }
      },
      "20": {
        "start": {
          "line": 40,
          "column": 4
        },
        "end": {
          "line": 56,
          "column": 5
        }
      },
      "21": {
        "start": {
          "line": 41,
          "column": 21
        },
        "end": {
          "line": 41,
          "column": 78
        }
      },
      "22": {
        "start": {
          "line": 42,
          "column": 6
        },
        "end": {
          "line": 48,
          "column": 7
        }
      },
      "23": {
        "start": {
          "line": 43,
          "column": 8
        },
        "end": {
          "line": 47,
          "column": 10
        }
      },
      "24": {
        "start": {
          "line": 49,
          "column": 6
        },
        "end": {
          "line": 53,
          "column": 8
        }
      },
      "25": {
        "start": {
          "line": 55,
          "column": 6
        },
        "end": {
          "line": 55,
          "column": 28
        }
      },
      "26": {
        "start": {
          "line": 58,
          "column": 9
        },
        "end": {
          "line": 106,
          "column": 3
        }
      },
      "27": {
        "start": {
          "line": 59,
          "column": 4
        },
        "end": {
          "line": 65,
          "column": 5
        }
      },
      "28": {
        "start": {
          "line": 60,
          "column": 6
        },
        "end": {
          "line": 62,
          "column": 8
        }
      },
      "29": {
        "start": {
          "line": 64,
          "column": 6
        },
        "end": {
          "line": 64,
          "column": 32
        }
      },
      "30": {
        "start": {
          "line": 66,
          "column": 4
        },
        "end": {
          "line": 82,
          "column": 5
        }
      },
      "31": {
        "start": {
          "line": 67,
          "column": 21
        },
        "end": {
          "line": 67,
          "column": 59
        }
      },
      "32": {
        "start": {
          "line": 68,
          "column": 6
        },
        "end": {
          "line": 74,
          "column": 7
        }
      },
      "33": {
        "start": {
          "line": 69,
          "column": 8
        },
        "end": {
          "line": 73,
          "column": 10
        }
      },
      "34": {
        "start": {
          "line": 75,
          "column": 6
        },
        "end": {
          "line": 79,
          "column": 8
        }
      },
      "35": {
        "start": {
          "line": 81,
          "column": 6
        },
        "end": {
          "line": 81,
          "column": 28
        }
      },
      "36": {
        "start": {
          "line": 84,
          "column": 9
        },
        "end": {
          "line": 106,
          "column": 3
        }
      },
      "37": {
        "start": {
          "line": 85,
          "column": 4
        },
        "end": {
          "line": 101,
          "column": 5
        }
      },
      "38": {
        "start": {
          "line": 86,
          "column": 21
        },
        "end": {
          "line": 86,
          "column": 78
        }
      },
      "39": {
        "start": {
          "line": 87,
          "column": 6
        },
        "end": {
          "line": 93,
          "column": 7
        }
      },
      "40": {
        "start": {
          "line": 88,
          "column": 8
        },
        "end": {
          "line": 92,
          "column": 10
        }
      },
      "41": {
        "start": {
          "line": 94,
          "column": 6
        },
        "end": {
          "line": 98,
          "column": 8
        }
      },
      "42": {
        "start": {
          "line": 100,
          "column": 6
        },
        "end": {
          "line": 100,
          "column": 28
        }
      },
      "43": {
        "start": {
          "line": 103,
          "column": 4
        },
        "end": {
          "line": 105,
          "column": 6
        }
      },
      "44": {
        "start": {
          "line": 109,
          "column": 0
        },
        "end": {
          "line": 109,
          "column": 67
        }
      }
    },
    "fnMap": {
      "0": {
        "name": "(anonymous_0)",
        "decl": {
          "start": {
            "line": 13,
            "column": 37
          },
          "end": {
            "line": 13,
            "column": 38
          }
        },
        "loc": {
          "start": {
            "line": 13,
            "column": 57
          },
          "end": {
            "line": 20,
            "column": 1
          }
        },
        "line": 13
      },
      "1": {
        "name": "(anonymous_1)",
        "decl": {
          "start": {
            "line": 16,
            "column": 11
          },
          "end": {
            "line": 16,
            "column": 12
          }
        },
        "loc": {
          "start": {
            "line": 16,
            "column": 22
          },
          "end": {
            "line": 18,
            "column": 5
          }
        },
        "line": 16
      },
      "2": {
        "name": "(anonymous_2)",
        "decl": {
          "start": {
            "line": 23,
            "column": 38
          },
          "end": {
            "line": 23,
            "column": 39
          }
        },
        "loc": {
          "start": {
            "line": 23,
            "column": 58
          },
          "end": {
            "line": 32,
            "column": 1
          }
        },
        "line": 23
      },
      "3": {
        "name": "(anonymous_3)",
        "decl": {
          "start": {
            "line": 35,
            "column": 33
          },
          "end": {
            "line": 35,
            "column": 34
          }
        },
        "loc": {
          "start": {
            "line": 35,
            "column": 53
          },
          "end": {
            "line": 107,
            "column": 1
          }
        },
        "line": 35
      }
    },
    "branchMap": {
      "0": {
        "loc": {
          "start": {
            "line": 24,
            "column": 2
          },
          "end": {
            "line": 28,
            "column": 3
          }
        },
        "type": "if",
        "locations": [
          {
            "start": {
              "line": 24,
              "column": 2
            },
            "end": {
              "line": 28,
              "column": 3
            }
          },
          {
            "start": {
              "line": 24,
              "column": 2
            },
            "end": {
              "line": 28,
              "column": 3
            }
          }
        ],
        "line": 24
      },
      "1": {
        "loc": {
          "start": {
            "line": 39,
            "column": 2
          },
          "end": {
            "line": 106,
            "column": 3
          }
        },
        "type": "if",
        "locations": [
          {
            "start": {
              "line": 39,
              "column": 2
            },
            "end": {
              "line": 106,
              "column": 3
            }
          },
          {
            "start": {
              "line": 39,
              "column": 2
            },
            "end": {
              "line": 106,
              "column": 3
            }
          }
        ],
        "line": 39
      },
      "2": {
        "loc": {
          "start": {
            "line": 42,
            "column": 6
          },
          "end": {
            "line": 48,
            "column": 7
          }
        },
        "type": "if",
        "locations": [
          {
            "start": {
              "line": 42,
              "column": 6
            },
            "end": {
              "line": 48,
              "column": 7
            }
          },
          {
            "start": {
              "line": 42,
              "column": 6
            },
            "end": {
              "line": 48,
              "column": 7
            }
          }
        ],
        "line": 42
      },
      "3": {
        "loc": {
          "start": {
            "line": 58,
            "column": 9
          },
          "end": {
            "line": 106,
            "column": 3
          }
        },
        "type": "if",
        "locations": [
          {
            "start": {
              "line": 58,
              "column": 9
            },
            "end": {
              "line": 106,
              "column": 3
            }
          },
          {
            "start": {
              "line": 58,
              "column": 9
            },
            "end": {
              "line": 106,
              "column": 3
            }
          }
        ],
        "line": 58
      },
      "4": {
        "loc": {
          "start": {
            "line": 59,
            "column": 4
          },
          "end": {
            "line": 65,
            "column": 5
          }
        },
        "type": "if",
        "locations": [
          {
            "start": {
              "line": 59,
              "column": 4
            },
            "end": {
              "line": 65,
              "column": 5
            }
          },
          {
            "start": {
              "line": 59,
              "column": 4
            },
            "end": {
              "line": 65,
              "column": 5
            }
          }
        ],
        "line": 59
      },
      "5": {
        "loc": {
          "start": {
            "line": 68,
            "column": 6
          },
          "end": {
            "line": 74,
            "column": 7
          }
        },
        "type": "if",
        "locations": [
          {
            "start": {
              "line": 68,
              "column": 6
            },
            "end": {
              "line": 74,
              "column": 7
            }
          },
          {
            "start": {
              "line": 68,
              "column": 6
            },
            "end": {
              "line": 74,
              "column": 7
            }
          }
        ],
        "line": 68
      },
      "6": {
        "loc": {
          "start": {
            "line": 84,
            "column": 9
          },
          "end": {
            "line": 106,
            "column": 3
          }
        },
        "type": "if",
        "locations": [
          {
            "start": {
              "line": 84,
              "column": 9
            },
            "end": {
              "line": 106,
              "column": 3
            }
          },
          {
            "start": {
              "line": 84,
              "column": 9
            },
            "end": {
              "line": 106,
              "column": 3
            }
          }
        ],
        "line": 84
      },
      "7": {
        "loc": {
          "start": {
            "line": 87,
            "column": 6
          },
          "end": {
            "line": 93,
            "column": 7
          }
        },
        "type": "if",
        "locations": [
          {
            "start": {
              "line": 87,
              "column": 6
            },
            "end": {
              "line": 93,
              "column": 7
            }
          },
          {
            "start": {
              "line": 87,
              "column": 6
            },
            "end": {
              "line": 93,
              "column": 7
            }
          }
        ],
        "line": 87
      }
    },
    "s": {
      "0": 2,
      "1": 2,
      "2": 2,
      "3": 2,
      "4": 2,
      "5": 2,
      "6": 2,
      "7": 2,
      "8": 3,
      "9": 0,
      "10": 2,
      "11": 2,
      "12": 2,
      "13": 1,
      "14": 1,
      "15": 1,
      "16": 1,
      "17": 2,
      "18": 8,
      "19": 8,
      "20": 2,
      "21": 2,
      "22": 2,
      "23": 1,
      "24": 1,
      "25": 0,
      "26": 6,
      "27": 3,
      "28": 1,
      "29": 2,
      "30": 2,
      "31": 2,
      "32": 2,
      "33": 1,
      "34": 1,
      "35": 0,
      "36": 3,
      "37": 2,
      "38": 2,
      "39": 2,
      "40": 1,
      "41": 1,
      "42": 0,
      "43": 1,
      "44": 2
    },
    "f": {
      "0": 3,
      "1": 0,
      "2": 2,
      "3": 8
    },
    "b": {
      "0": [
        1,
        1
      ],
      "1": [
        2,
        6
      ],
      "2": [
        1,
        1
      ],
      "3": [
        3,
        3
      ],
      "4": [
        1,
        2
      ],
      "5": [
        1,
        1
      ],
      "6": [
        2,
        1
      ],
      "7": [
        1,
        1
      ]
    },
    "_coverageSchema": "1a1c01bbd47fc00a2c39e90264f33305004495a9",
    "hash": "3f570d4e65c342415eb4cae27af73ab1171f24af",
    "contentHash": "9b329999c873c2c541750deda616365409c7e2366e2f06d79dfee55633988108"
  },
  "/home/delia/Workspace/movies2uExpress/src/utils/imdb.js": {
    "path": "/home/delia/Workspace/movies2uExpress/src/utils/imdb.js",
    "statementMap": {
      "0": {
        "start": {
          "line": 1,
          "column": 16
        },
        "end": {
          "line": 2,
          "column": 65
        }
      },
      "1": {
        "start": {
          "line": 2,
          "column": 2
        },
        "end": {
          "line": 2,
          "column": 65
        }
      },
      "2": {
        "start": {
          "line": 4,
          "column": 0
        },
        "end": {
          "line": 4,
          "column": 28
        }
      }
    },
    "fnMap": {
      "0": {
        "name": "(anonymous_0)",
        "decl": {
          "start": {
            "line": 1,
            "column": 16
          },
          "end": {
            "line": 1,
            "column": 17
          }
        },
        "loc": {
          "start": {
            "line": 2,
            "column": 2
          },
          "end": {
            "line": 2,
            "column": 65
          }
        },
        "line": 2
      }
    },
    "branchMap": {},
    "s": {
      "0": 2,
      "1": 3,
      "2": 2
    },
    "f": {
      "0": 3
    },
    "b": {},
    "_coverageSchema": "1a1c01bbd47fc00a2c39e90264f33305004495a9",
    "hash": "f42fe22c29a8fb5dbde49a2e54b0e7ead2989ed4",
    "contentHash": "59b5a4edcdb36a4cd974ad79b4d57eb8f2c25a29c98de4cfa559f1d6d3cda38e"
  },
  "/home/delia/Workspace/movies2uExpress/src/middleware/auth.js": {
    "path": "/home/delia/Workspace/movies2uExpress/src/middleware/auth.js",
    "statementMap": {
      "0": {
        "start": {
          "line": 1,
          "column": 0
        },
        "end": {
          "line": 1,
          "column": 24
        }
      },
      "1": {
        "start": {
          "line": 2,
          "column": 12
        },
        "end": {
          "line": 2,
          "column": 35
        }
      },
      "2": {
        "start": {
          "line": 3,
          "column": 13
        },
        "end": {
          "line": 3,
          "column": 39
        }
      },
      "3": {
        "start": {
          "line": 4,
          "column": 21
        },
        "end": {
          "line": 4,
          "column": 53
        }
      },
      "4": {
        "start": {
          "line": 6,
          "column": 16
        },
        "end": {
          "line": 33,
          "column": 2
        }
      },
      "5": {
        "start": {
          "line": 9,
          "column": 2
        },
        "end": {
          "line": 26,
          "column": 3
        }
      },
      "6": {
        "start": {
          "line": 13,
          "column": 4
        },
        "end": {
          "line": 25,
          "column": 5
        }
      },
      "7": {
        "start": {
          "line": 15,
          "column": 6
        },
        "end": {
          "line": 15,
          "column": 53
        }
      },
      "8": {
        "start": {
          "line": 17,
          "column": 22
        },
        "end": {
          "line": 17,
          "column": 63
        }
      },
      "9": {
        "start": {
          "line": 19,
          "column": 6
        },
        "end": {
          "line": 19,
          "column": 68
        }
      },
      "10": {
        "start": {
          "line": 20,
          "column": 6
        },
        "end": {
          "line": 20,
          "column": 12
        }
      },
      "11": {
        "start": {
          "line": 22,
          "column": 6
        },
        "end": {
          "line": 24,
          "column": 8
        }
      },
      "12": {
        "start": {
          "line": 28,
          "column": 2
        },
        "end": {
          "line": 32,
          "column": 3
        }
      },
      "13": {
        "start": {
          "line": 29,
          "column": 4
        },
        "end": {
          "line": 31,
          "column": 6
        }
      },
      "14": {
        "start": {
          "line": 35,
          "column": 0
        },
        "end": {
          "line": 35,
          "column": 28
        }
      }
    },
    "fnMap": {
      "0": {
        "name": "(anonymous_0)",
        "decl": {
          "start": {
            "line": 6,
            "column": 29
          },
          "end": {
            "line": 6,
            "column": 30
          }
        },
        "loc": {
          "start": {
            "line": 6,
            "column": 55
          },
          "end": {
            "line": 33,
            "column": 1
          }
        },
        "line": 6
      }
    },
    "branchMap": {
      "0": {
        "loc": {
          "start": {
            "line": 9,
            "column": 2
          },
          "end": {
            "line": 26,
            "column": 3
          }
        },
        "type": "if",
        "locations": [
          {
            "start": {
              "line": 9,
              "column": 2
            },
            "end": {
              "line": 26,
              "column": 3
            }
          },
          {
            "start": {
              "line": 9,
              "column": 2
            },
            "end": {
              "line": 26,
              "column": 3
            }
          }
        ],
        "line": 9
      },
      "1": {
        "loc": {
          "start": {
            "line": 10,
            "column": 4
          },
          "end": {
            "line": 11,
            "column": 50
          }
        },
        "type": "binary-expr",
        "locations": [
          {
            "start": {
              "line": 10,
              "column": 4
            },
            "end": {
              "line": 10,
              "column": 29
            }
          },
          {
            "start": {
              "line": 11,
              "column": 4
            },
            "end": {
              "line": 11,
              "column": 50
            }
          }
        ],
        "line": 10
      },
      "2": {
        "loc": {
          "start": {
            "line": 28,
            "column": 2
          },
          "end": {
            "line": 32,
            "column": 3
          }
        },
        "type": "if",
        "locations": [
          {
            "start": {
              "line": 28,
              "column": 2
            },
            "end": {
              "line": 32,
              "column": 3
            }
          },
          {
            "start": {
              "line": 28,
              "column": 2
            },
            "end": {
              "line": 32,
              "column": 3
            }
          }
        ],
        "line": 28
      }
    },
    "s": {
      "0": 2,
      "1": 2,
      "2": 2,
      "3": 2,
      "4": 2,
      "5": 5,
      "6": 3,
      "7": 3,
      "8": 3,
      "9": 3,
      "10": 2,
      "11": 2,
      "12": 3,
      "13": 2,
      "14": 2
    },
    "f": {
      "0": 5
    },
    "b": {
      "0": [
        3,
        2
      ],
      "1": [
        5,
        4
      ],
      "2": [
        2,
        1
      ]
    },
    "_coverageSchema": "1a1c01bbd47fc00a2c39e90264f33305004495a9",
    "hash": "005b3e38e80e2fca50bb4da1501f4467415ee6f6",
    "contentHash": "04411ebf6a9848362368f07f1a451e4b404fa9cbb993643b78b04e4409813f8c"
  },
  "/home/delia/Workspace/movies2uExpress/src/models/users.js": {
    "path": "/home/delia/Workspace/movies2uExpress/src/models/users.js",
    "statementMap": {
      "0": {
        "start": {
          "line": 1,
          "column": 17
        },
        "end": {
          "line": 1,
          "column": 36
        }
      },
      "1": {
        "start": {
          "line": 3,
          "column": 19
        },
        "end": {
          "line": 18,
          "column": 2
        }
      },
      "2": {
        "start": {
          "line": 19,
          "column": 0
        },
        "end": {
          "line": 19,
          "column": 51
        }
      }
    },
    "fnMap": {},
    "branchMap": {},
    "s": {
      "0": 3,
      "1": 3,
      "2": 3
    },
    "f": {},
    "b": {},
    "_coverageSchema": "1a1c01bbd47fc00a2c39e90264f33305004495a9",
    "hash": "2d50217f0cb48b7baee265e86f95a149fd62cc6e",
    "contentHash": "2ede0c581bfcd2409583b0286baa25703cb9b9fe9fc6c4e7c4269e94c73ec298"
  },
  "/home/delia/Workspace/movies2uExpress/src/routes/movies.js": {
    "path": "/home/delia/Workspace/movies2uExpress/src/routes/movies.js",
    "statementMap": {
      "0": {
        "start": {
          "line": 1,
          "column": 16
        },
        "end": {
          "line": 1,
          "column": 34
        }
      },
      "1": {
        "start": {
          "line": 2,
          "column": 15
        },
        "end": {
          "line": 2,
          "column": 31
        }
      },
      "2": {
        "start": {
          "line": 3,
          "column": 20
        },
        "end": {
          "line": 3,
          "column": 49
        }
      },
      "3": {
        "start": {
          "line": 11,
          "column": 4
        },
        "end": {
          "line": 11,
          "column": 36
        }
      },
      "4": {
        "start": {
          "line": 17,
          "column": 4
        },
        "end": {
          "line": 17,
          "column": 37
        }
      },
      "5": {
        "start": {
          "line": 94,
          "column": 0
        },
        "end": {
          "line": 94,
          "column": 30
        }
      },
      "6": {
        "start": {
          "line": 122,
          "column": 0
        },
        "end": {
          "line": 122,
          "column": 39
        }
      },
      "7": {
        "start": {
          "line": 149,
          "column": 0
        },
        "end": {
          "line": 149,
          "column": 38
        }
      },
      "8": {
        "start": {
          "line": 182,
          "column": 0
        },
        "end": {
          "line": 182,
          "column": 49
        }
      },
      "9": {
        "start": {
          "line": 209,
          "column": 0
        },
        "end": {
          "line": 209,
          "column": 52
        }
      },
      "10": {
        "start": {
          "line": 240,
          "column": 0
        },
        "end": {
          "line": 240,
          "column": 47
        }
      },
      "11": {
        "start": {
          "line": 273,
          "column": 0
        },
        "end": {
          "line": 273,
          "column": 57
        }
      },
      "12": {
        "start": {
          "line": 314,
          "column": 0
        },
        "end": {
          "line": 314,
          "column": 68
        }
      },
      "13": {
        "start": {
          "line": 347,
          "column": 0
        },
        "end": {
          "line": 347,
          "column": 71
        }
      },
      "14": {
        "start": {
          "line": 349,
          "column": 0
        },
        "end": {
          "line": 349,
          "column": 23
        }
      }
    },
    "fnMap": {},
    "branchMap": {},
    "s": {
      "0": 1,
      "1": 1,
      "2": 1,
      "3": 1,
      "4": 1,
      "5": 1,
      "6": 1,
      "7": 1,
      "8": 1,
      "9": 1,
      "10": 1,
      "11": 1,
      "12": 1,
      "13": 1,
      "14": 1
    },
    "f": {},
    "b": {},
    "_coverageSchema": "1a1c01bbd47fc00a2c39e90264f33305004495a9",
    "hash": "f5524c153eff443fa335d76fa510261e1c4e29e6",
    "contentHash": "c1a75bbaf4d96a69b9850c945d1230f7b830c6c85aa5893899c28e18d8229ce6"
  },
  "/home/delia/Workspace/movies2uExpress/src/controllers/movies.js": {
    "path": "/home/delia/Workspace/movies2uExpress/src/controllers/movies.js",
    "statementMap": {
      "0": {
        "start": {
          "line": 1,
          "column": 0
        },
        "end": {
          "line": 1,
          "column": 24
        }
      },
      "1": {
        "start": {
          "line": 2,
          "column": 15
        },
        "end": {
          "line": 2,
          "column": 42
        }
      },
      "2": {
        "start": {
          "line": 3,
          "column": 17
        },
        "end": {
          "line": 3,
          "column": 45
        }
      },
      "3": {
        "start": {
          "line": 4,
          "column": 21
        },
        "end": {
          "line": 4,
          "column": 53
        }
      },
      "4": {
        "start": {
          "line": 10,
          "column": 22
        },
        "end": {
          "line": 23,
          "column": 2
        }
      },
      "5": {
        "start": {
          "line": 11,
          "column": 2
        },
        "end": {
          "line": 22,
          "column": 3
        }
      },
      "6": {
        "start": {
          "line": 12,
          "column": 19
        },
        "end": {
          "line": 12,
          "column": 38
        }
      },
      "7": {
        "start": {
          "line": 13,
          "column": 4
        },
        "end": {
          "line": 17,
          "column": 6
        }
      },
      "8": {
        "start": {
          "line": 19,
          "column": 4
        },
        "end": {
          "line": 21,
          "column": 6
        }
      },
      "9": {
        "start": {
          "line": 29,
          "column": 22
        },
        "end": {
          "line": 51,
          "column": 2
        }
      },
      "10": {
        "start": {
          "line": 30,
          "column": 2
        },
        "end": {
          "line": 34,
          "column": 3
        }
      },
      "11": {
        "start": {
          "line": 31,
          "column": 4
        },
        "end": {
          "line": 33,
          "column": 6
        }
      },
      "12": {
        "start": {
          "line": 35,
          "column": 2
        },
        "end": {
          "line": 50,
          "column": 3
        }
      },
      "13": {
        "start": {
          "line": 36,
          "column": 18
        },
        "end": {
          "line": 36,
          "column": 59
        }
      },
      "14": {
        "start": {
          "line": 37,
          "column": 4
        },
        "end": {
          "line": 41,
          "column": 5
        }
      },
      "15": {
        "start": {
          "line": 38,
          "column": 6
        },
        "end": {
          "line": 40,
          "column": 8
        }
      },
      "16": {
        "start": {
          "line": 42,
          "column": 4
        },
        "end": {
          "line": 45,
          "column": 6
        }
      },
      "17": {
        "start": {
          "line": 47,
          "column": 4
        },
        "end": {
          "line": 49,
          "column": 6
        }
      },
      "18": {
        "start": {
          "line": 57,
          "column": 21
        },
        "end": {
          "line": 85,
          "column": 2
        }
      },
      "19": {
        "start": {
          "line": 58,
          "column": 2
        },
        "end": {
          "line": 62,
          "column": 3
        }
      },
      "20": {
        "start": {
          "line": 59,
          "column": 4
        },
        "end": {
          "line": 61,
          "column": 6
        }
      },
      "21": {
        "start": {
          "line": 63,
          "column": 2
        },
        "end": {
          "line": 84,
          "column": 3
        }
      },
      "22": {
        "start": {
          "line": 64,
          "column": 16
        },
        "end": {
          "line": 64,
          "column": 57
        }
      },
      "23": {
        "start": {
          "line": 65,
          "column": 26
        },
        "end": {
          "line": 69,
          "column": 5
        }
      },
      "24": {
        "start": {
          "line": 70,
          "column": 18
        },
        "end": {
          "line": 77,
          "column": 6
        }
      },
      "25": {
        "start": {
          "line": 78,
          "column": 4
        },
        "end": {
          "line": 81,
          "column": 6
        }
      },
      "26": {
        "start": {
          "line": 83,
          "column": 4
        },
        "end": {
          "line": 83,
          "column": 55
        }
      },
      "27": {
        "start": {
          "line": 91,
          "column": 24
        },
        "end": {
          "line": 125,
          "column": 2
        }
      },
      "28": {
        "start": {
          "line": 92,
          "column": 2
        },
        "end": {
          "line": 96,
          "column": 3
        }
      },
      "29": {
        "start": {
          "line": 93,
          "column": 4
        },
        "end": {
          "line": 95,
          "column": 6
        }
      },
      "30": {
        "start": {
          "line": 97,
          "column": 2
        },
        "end": {
          "line": 124,
          "column": 3
        }
      },
      "31": {
        "start": {
          "line": 98,
          "column": 16
        },
        "end": {
          "line": 98,
          "column": 57
        }
      },
      "32": {
        "start": {
          "line": 99,
          "column": 26
        },
        "end": {
          "line": 103,
          "column": 5
        }
      },
      "33": {
        "start": {
          "line": 104,
          "column": 18
        },
        "end": {
          "line": 104,
          "column": 90
        }
      },
      "34": {
        "start": {
          "line": 105,
          "column": 4
        },
        "end": {
          "line": 109,
          "column": 5
        }
      },
      "35": {
        "start": {
          "line": 106,
          "column": 6
        },
        "end": {
          "line": 108,
          "column": 8
        }
      },
      "36": {
        "start": {
          "line": 110,
          "column": 4
        },
        "end": {
          "line": 110,
          "column": 32
        }
      },
      "37": {
        "start": {
          "line": 111,
          "column": 4
        },
        "end": {
          "line": 111,
          "column": 30
        }
      },
      "38": {
        "start": {
          "line": 112,
          "column": 4
        },
        "end": {
          "line": 112,
          "column": 32
        }
      },
      "39": {
        "start": {
          "line": 113,
          "column": 4
        },
        "end": {
          "line": 113,
          "column": 34
        }
      },
      "40": {
        "start": {
          "line": 114,
          "column": 4
        },
        "end": {
          "line": 114,
          "column": 34
        }
      },
      "41": {
        "start": {
          "line": 115,
          "column": 4
        },
        "end": {
          "line": 115,
          "column": 37
        }
      },
      "42": {
        "start": {
          "line": 117,
          "column": 4
        },
        "end": {
          "line": 117,
          "column": 27
        }
      },
      "43": {
        "start": {
          "line": 118,
          "column": 4
        },
        "end": {
          "line": 121,
          "column": 6
        }
      },
      "44": {
        "start": {
          "line": 123,
          "column": 4
        },
        "end": {
          "line": 123,
          "column": 55
        }
      },
      "45": {
        "start": {
          "line": 131,
          "column": 24
        },
        "end": {
          "line": 151,
          "column": 2
        }
      },
      "46": {
        "start": {
          "line": 132,
          "column": 2
        },
        "end": {
          "line": 136,
          "column": 3
        }
      },
      "47": {
        "start": {
          "line": 133,
          "column": 4
        },
        "end": {
          "line": 135,
          "column": 6
        }
      },
      "48": {
        "start": {
          "line": 137,
          "column": 2
        },
        "end": {
          "line": 150,
          "column": 3
        }
      },
      "49": {
        "start": {
          "line": 138,
          "column": 18
        },
        "end": {
          "line": 138,
          "column": 68
        }
      },
      "50": {
        "start": {
          "line": 139,
          "column": 4
        },
        "end": {
          "line": 143,
          "column": 5
        }
      },
      "51": {
        "start": {
          "line": 140,
          "column": 6
        },
        "end": {
          "line": 142,
          "column": 8
        }
      },
      "52": {
        "start": {
          "line": 144,
          "column": 4
        },
        "end": {
          "line": 147,
          "column": 6
        }
      },
      "53": {
        "start": {
          "line": 149,
          "column": 4
        },
        "end": {
          "line": 149,
          "column": 55
        }
      },
      "54": {
        "start": {
          "line": 153,
          "column": 0
        },
        "end": {
          "line": 159,
          "column": 1
        }
      }
    },
    "fnMap": {
      "0": {
        "name": "(anonymous_0)",
        "decl": {
          "start": {
            "line": 10,
            "column": 35
          },
          "end": {
            "line": 10,
            "column": 36
          }
        },
        "loc": {
          "start": {
            "line": 10,
            "column": 55
          },
          "end": {
            "line": 23,
            "column": 1
          }
        },
        "line": 10
      },
      "1": {
        "name": "(anonymous_1)",
        "decl": {
          "start": {
            "line": 29,
            "column": 35
          },
          "end": {
            "line": 29,
            "column": 36
          }
        },
        "loc": {
          "start": {
            "line": 29,
            "column": 55
          },
          "end": {
            "line": 51,
            "column": 1
          }
        },
        "line": 29
      },
      "2": {
        "name": "(anonymous_2)",
        "decl": {
          "start": {
            "line": 57,
            "column": 34
          },
          "end": {
            "line": 57,
            "column": 35
          }
        },
        "loc": {
          "start": {
            "line": 57,
            "column": 54
          },
          "end": {
            "line": 85,
            "column": 1
          }
        },
        "line": 57
      },
      "3": {
        "name": "(anonymous_3)",
        "decl": {
          "start": {
            "line": 91,
            "column": 37
          },
          "end": {
            "line": 91,
            "column": 38
          }
        },
        "loc": {
          "start": {
            "line": 91,
            "column": 57
          },
          "end": {
            "line": 125,
            "column": 1
          }
        },
        "line": 91
      },
      "4": {
        "name": "(anonymous_4)",
        "decl": {
          "start": {
            "line": 131,
            "column": 37
          },
          "end": {
            "line": 131,
            "column": 38
          }
        },
        "loc": {
          "start": {
            "line": 131,
            "column": 57
          },
          "end": {
            "line": 151,
            "column": 1
          }
        },
        "line": 131
      }
    },
    "branchMap": {
      "0": {
        "loc": {
          "start": {
            "line": 30,
            "column": 2
          },
          "end": {
            "line": 34,
            "column": 3
          }
        },
        "type": "if",
        "locations": [
          {
            "start": {
              "line": 30,
              "column": 2
            },
            "end": {
              "line": 34,
              "column": 3
            }
          },
          {
            "start": {
              "line": 30,
              "column": 2
            },
            "end": {
              "line": 34,
              "column": 3
            }
          }
        ],
        "line": 30
      },
      "1": {
        "loc": {
          "start": {
            "line": 37,
            "column": 4
          },
          "end": {
            "line": 41,
            "column": 5
          }
        },
        "type": "if",
        "locations": [
          {
            "start": {
              "line": 37,
              "column": 4
            },
            "end": {
              "line": 41,
              "column": 5
            }
          },
          {
            "start": {
              "line": 37,
              "column": 4
            },
            "end": {
              "line": 41,
              "column": 5
            }
          }
        ],
        "line": 37
      },
      "2": {
        "loc": {
          "start": {
            "line": 58,
            "column": 2
          },
          "end": {
            "line": 62,
            "column": 3
          }
        },
        "type": "if",
        "locations": [
          {
            "start": {
              "line": 58,
              "column": 2
            },
            "end": {
              "line": 62,
              "column": 3
            }
          },
          {
            "start": {
              "line": 58,
              "column": 2
            },
            "end": {
              "line": 62,
              "column": 3
            }
          }
        ],
        "line": 58
      },
      "3": {
        "loc": {
          "start": {
            "line": 92,
            "column": 2
          },
          "end": {
            "line": 96,
            "column": 3
          }
        },
        "type": "if",
        "locations": [
          {
            "start": {
              "line": 92,
              "column": 2
            },
            "end": {
              "line": 96,
              "column": 3
            }
          },
          {
            "start": {
              "line": 92,
              "column": 2
            },
            "end": {
              "line": 96,
              "column": 3
            }
          }
        ],
        "line": 92
      },
      "4": {
        "loc": {
          "start": {
            "line": 92,
            "column": 6
          },
          "end": {
            "line": 92,
            "column": 47
          }
        },
        "type": "binary-expr",
        "locations": [
          {
            "start": {
              "line": 92,
              "column": 6
            },
            "end": {
              "line": 92,
              "column": 24
            }
          },
          {
            "start": {
              "line": 92,
              "column": 28
            },
            "end": {
              "line": 92,
              "column": 47
            }
          }
        ],
        "line": 92
      },
      "5": {
        "loc": {
          "start": {
            "line": 105,
            "column": 4
          },
          "end": {
            "line": 109,
            "column": 5
          }
        },
        "type": "if",
        "locations": [
          {
            "start": {
              "line": 105,
              "column": 4
            },
            "end": {
              "line": 109,
              "column": 5
            }
          },
          {
            "start": {
              "line": 105,
              "column": 4
            },
            "end": {
              "line": 109,
              "column": 5
            }
          }
        ],
        "line": 105
      },
      "6": {
        "loc": {
          "start": {
            "line": 132,
            "column": 2
          },
          "end": {
            "line": 136,
            "column": 3
          }
        },
        "type": "if",
        "locations": [
          {
            "start": {
              "line": 132,
              "column": 2
            },
            "end": {
              "line": 136,
              "column": 3
            }
          },
          {
            "start": {
              "line": 132,
              "column": 2
            },
            "end": {
              "line": 136,
              "column": 3
            }
          }
        ],
        "line": 132
      },
      "7": {
        "loc": {
          "start": {
            "line": 139,
            "column": 4
          },
          "end": {
            "line": 143,
            "column": 5
          }
        },
        "type": "if",
        "locations": [
          {
            "start": {
              "line": 139,
              "column": 4
            },
            "end": {
              "line": 143,
              "column": 5
            }
          },
          {
            "start": {
              "line": 139,
              "column": 4
            },
            "end": {
              "line": 143,
              "column": 5
            }
          }
        ],
        "line": 139
      }
    },
    "s": {
      "0": 2,
      "1": 2,
      "2": 2,
      "3": 2,
      "4": 2,
      "5": 2,
      "6": 2,
      "7": 1,
      "8": 1,
      "9": 2,
      "10": 4,
      "11": 1,
      "12": 3,
      "13": 3,
      "14": 2,
      "15": 1,
      "16": 1,
      "17": 1,
      "18": 2,
      "19": 3,
      "20": 1,
      "21": 2,
      "22": 2,
      "23": 2,
      "24": 2,
      "25": 1,
      "26": 1,
      "27": 2,
      "28": 7,
      "29": 2,
      "30": 5,
      "31": 5,
      "32": 4,
      "33": 4,
      "34": 3,
      "35": 1,
      "36": 2,
      "37": 2,
      "38": 2,
      "39": 2,
      "40": 2,
      "41": 2,
      "42": 2,
      "43": 1,
      "44": 3,
      "45": 2,
      "46": 4,
      "47": 1,
      "48": 3,
      "49": 3,
      "50": 2,
      "51": 1,
      "52": 1,
      "53": 1,
      "54": 2
    },
    "f": {
      "0": 2,
      "1": 4,
      "2": 3,
      "3": 7,
      "4": 4
    },
    "b": {
      "0": [
        1,
        3
      ],
      "1": [
        1,
        1
      ],
      "2": [
        1,
        2
      ],
      "3": [
        2,
        5
      ],
      "4": [
        7,
        6
      ],
      "5": [
        1,
        2
      ],
      "6": [
        1,
        3
      ],
      "7": [
        1,
        1
      ]
    },
    "_coverageSchema": "1a1c01bbd47fc00a2c39e90264f33305004495a9",
    "hash": "e547e2fe38770cbfeed26496e23a9eff41be637a",
    "contentHash": "fda3fd58b584fbc6eb4f8926ceab6d3b888fe2ef567dadfc70793211baaa29b9"
  },
  "/home/delia/Workspace/movies2uExpress/src/controllers/reviews.js": {
    "path": "/home/delia/Workspace/movies2uExpress/src/controllers/reviews.js",
    "statementMap": {
      "0": {
        "start": {
          "line": 1,
          "column": 17
        },
        "end": {
          "line": 1,
          "column": 36
        }
      },
      "1": {
        "start": {
          "line": 2,
          "column": 15
        },
        "end": {
          "line": 2,
          "column": 38
        }
      },
      "2": {
        "start": {
          "line": 3,
          "column": 17
        },
        "end": {
          "line": 3,
          "column": 45
        }
      },
      "3": {
        "start": {
          "line": 4,
          "column": 21
        },
        "end": {
          "line": 4,
          "column": 53
        }
      },
      "4": {
        "start": {
          "line": 11,
          "column": 23
        },
        "end": {
          "line": 48,
          "column": 2
        }
      },
      "5": {
        "start": {
          "line": 12,
          "column": 2
        },
        "end": {
          "line": 47,
          "column": 3
        }
      },
      "6": {
        "start": {
          "line": 13,
          "column": 18
        },
        "end": {
          "line": 14,
          "column": 22
        }
      },
      "7": {
        "start": {
          "line": 16,
          "column": 4
        },
        "end": {
          "line": 20,
          "column": 5
        }
      },
      "8": {
        "start": {
          "line": 17,
          "column": 6
        },
        "end": {
          "line": 19,
          "column": 8
        }
      },
      "9": {
        "start": {
          "line": 22,
          "column": 4
        },
        "end": {
          "line": 26,
          "column": 5
        }
      },
      "10": {
        "start": {
          "line": 23,
          "column": 6
        },
        "end": {
          "line": 25,
          "column": 8
        }
      },
      "11": {
        "start": {
          "line": 28,
          "column": 19
        },
        "end": {
          "line": 28,
          "column": 56
        }
      },
      "12": {
        "start": {
          "line": 29,
          "column": 4
        },
        "end": {
          "line": 33,
          "column": 5
        }
      },
      "13": {
        "start": {
          "line": 30,
          "column": 6
        },
        "end": {
          "line": 32,
          "column": 8
        }
      },
      "14": {
        "start": {
          "line": 35,
          "column": 4
        },
        "end": {
          "line": 42,
          "column": 6
        }
      },
      "15": {
        "start": {
          "line": 44,
          "column": 4
        },
        "end": {
          "line": 46,
          "column": 6
        }
      },
      "16": {
        "start": {
          "line": 54,
          "column": 22
        },
        "end": {
          "line": 66,
          "column": 2
        }
      },
      "17": {
        "start": {
          "line": 55,
          "column": 2
        },
        "end": {
          "line": 59,
          "column": 3
        }
      },
      "18": {
        "start": {
          "line": 56,
          "column": 4
        },
        "end": {
          "line": 58,
          "column": 6
        }
      },
      "19": {
        "start": {
          "line": 60,
          "column": 2
        },
        "end": {
          "line": 65,
          "column": 3
        }
      },
      "20": {
        "start": {
          "line": 61,
          "column": 18
        },
        "end": {
          "line": 61,
          "column": 77
        }
      },
      "21": {
        "start": {
          "line": 62,
          "column": 4
        },
        "end": {
          "line": 62,
          "column": 38
        }
      },
      "22": {
        "start": {
          "line": 64,
          "column": 4
        },
        "end": {
          "line": 64,
          "column": 48
        }
      },
      "23": {
        "start": {
          "line": 68,
          "column": 20
        },
        "end": {
          "line": 98,
          "column": 1
        }
      },
      "24": {
        "start": {
          "line": 69,
          "column": 14
        },
        "end": {
          "line": 69,
          "column": 61
        }
      },
      "25": {
        "start": {
          "line": 70,
          "column": 24
        },
        "end": {
          "line": 74,
          "column": 3
        }
      },
      "26": {
        "start": {
          "line": 75,
          "column": 2
        },
        "end": {
          "line": 79,
          "column": 3
        }
      },
      "27": {
        "start": {
          "line": 76,
          "column": 4
        },
        "end": {
          "line": 78,
          "column": 6
        }
      },
      "28": {
        "start": {
          "line": 80,
          "column": 2
        },
        "end": {
          "line": 97,
          "column": 3
        }
      },
      "29": {
        "start": {
          "line": 81,
          "column": 4
        },
        "end": {
          "line": 86,
          "column": 6
        }
      },
      "30": {
        "start": {
          "line": 88,
          "column": 4
        },
        "end": {
          "line": 88,
          "column": 27
        }
      },
      "31": {
        "start": {
          "line": 89,
          "column": 4
        },
        "end": {
          "line": 89,
          "column": 40
        }
      },
      "32": {
        "start": {
          "line": 90,
          "column": 23
        },
        "end": {
          "line": 90,
          "column": 62
        }
      },
      "33": {
        "start": {
          "line": 91,
          "column": 4
        },
        "end": {
          "line": 94,
          "column": 6
        }
      },
      "34": {
        "start": {
          "line": 96,
          "column": 4
        },
        "end": {
          "line": 96,
          "column": 39
        }
      },
      "35": {
        "start": {
          "line": 100,
          "column": 28
        },
        "end": {
          "line": 108,
          "column": 2
        }
      },
      "36": {
        "start": {
          "line": 101,
          "column": 2
        },
        "end": {
          "line": 107,
          "column": 6
        }
      },
      "37": {
        "start": {
          "line": 104,
          "column": 6
        },
        "end": {
          "line": 106,
          "column": 7
        }
      },
      "38": {
        "start": {
          "line": 105,
          "column": 8
        },
        "end": {
          "line": 105,
          "column": 33
        }
      },
      "39": {
        "start": {
          "line": 110,
          "column": 27
        },
        "end": {
          "line": 127,
          "column": 1
        }
      },
      "40": {
        "start": {
          "line": 112,
          "column": 2
        },
        "end": {
          "line": 126,
          "column": 3
        }
      },
      "41": {
        "start": {
          "line": 113,
          "column": 4
        },
        "end": {
          "line": 113,
          "column": 38
        }
      },
      "42": {
        "start": {
          "line": 114,
          "column": 4
        },
        "end": {
          "line": 114,
          "column": 19
        }
      },
      "43": {
        "start": {
          "line": 115,
          "column": 4
        },
        "end": {
          "line": 117,
          "column": 5
        }
      },
      "44": {
        "start": {
          "line": 116,
          "column": 6
        },
        "end": {
          "line": 116,
          "column": 57
        }
      },
      "45": {
        "start": {
          "line": 118,
          "column": 4
        },
        "end": {
          "line": 118,
          "column": 59
        }
      },
      "46": {
        "start": {
          "line": 119,
          "column": 4
        },
        "end": {
          "line": 119,
          "column": 32
        }
      },
      "47": {
        "start": {
          "line": 120,
          "column": 4
        },
        "end": {
          "line": 125,
          "column": 6
        }
      },
      "48": {
        "start": {
          "line": 121,
          "column": 6
        },
        "end": {
          "line": 123,
          "column": 7
        }
      },
      "49": {
        "start": {
          "line": 122,
          "column": 8
        },
        "end": {
          "line": 122,
          "column": 63
        }
      },
      "50": {
        "start": {
          "line": 124,
          "column": 6
        },
        "end": {
          "line": 124,
          "column": 24
        }
      },
      "51": {
        "start": {
          "line": 134,
          "column": 25
        },
        "end": {
          "line": 179,
          "column": 2
        }
      },
      "52": {
        "start": {
          "line": 135,
          "column": 2
        },
        "end": {
          "line": 139,
          "column": 3
        }
      },
      "53": {
        "start": {
          "line": 136,
          "column": 4
        },
        "end": {
          "line": 138,
          "column": 6
        }
      },
      "54": {
        "start": {
          "line": 140,
          "column": 2
        },
        "end": {
          "line": 178,
          "column": 3
        }
      },
      "55": {
        "start": {
          "line": 141,
          "column": 16
        },
        "end": {
[...]
              "column": 2
            },
            "end": {
              "line": 190,
              "column": 3
            }
          }
        ],
        "line": 186
      },
      "16": {
        "loc": {
          "start": {
            "line": 186,
            "column": 6
          },
          "end": {
            "line": 186,
            "column": 49
          }
        },
        "type": "binary-expr",
        "locations": [
          {
            "start": {
              "line": 186,
              "column": 6
            },
            "end": {
              "line": 186,
              "column": 25
            }
          },
          {
            "start": {
              "line": 186,
              "column": 29
            },
            "end": {
              "line": 186,
              "column": 49
            }
          }
        ],
        "line": 186
      },
      "17": {
        "loc": {
          "start": {
            "line": 193,
            "column": 4
          },
          "end": {
            "line": 197,
            "column": 5
          }
        },
        "type": "if",
        "locations": [
          {
            "start": {
              "line": 193,
              "column": 4
            },
            "end": {
              "line": 197,
              "column": 5
            }
          },
          {
            "start": {
              "line": 193,
              "column": 4
            },
            "end": {
              "line": 197,
              "column": 5
            }
          }
        ],
        "line": 193
      },
      "18": {
        "loc": {
          "start": {
            "line": 198,
            "column": 4
          },
          "end": {
            "line": 202,
            "column": 5
          }
        },
        "type": "if",
        "locations": [
          {
            "start": {
              "line": 198,
              "column": 4
            },
            "end": {
              "line": 202,
              "column": 5
            }
          },
          {
            "start": {
              "line": 198,
              "column": 4
            },
            "end": {
              "line": 202,
              "column": 5
            }
          }
        ],
        "line": 198
      },
      "19": {
        "loc": {
          "start": {
            "line": 198,
            "column": 8
          },
          "end": {
            "line": 198,
            "column": 52
          }
        },
        "type": "binary-expr",
        "locations": [
          {
            "start": {
              "line": 198,
              "column": 8
            },
            "end": {
              "line": 198,
              "column": 22
            }
          },
          {
            "start": {
              "line": 198,
              "column": 26
            },
            "end": {
              "line": 198,
              "column": 52
            }
          }
        ],
        "line": 198
      },
      "20": {
        "loc": {
          "start": {
            "line": 203,
            "column": 4
          },
          "end": {
            "line": 207,
            "column": 5
          }
        },
        "type": "if",
        "locations": [
          {
            "start": {
              "line": 203,
              "column": 4
            },
            "end": {
              "line": 207,
              "column": 5
            }
          },
          {
            "start": {
              "line": 203,
              "column": 4
            },
            "end": {
              "line": 207,
              "column": 5
            }
          }
        ],
        "line": 203
      }
    },
    "s": {
      "0": 2,
      "1": 2,
      "2": 2,
      "3": 2,
      "4": 2,
      "5": 5,
      "6": 5,
      "7": 4,
      "8": 1,
      "9": 3,
      "10": 1,
      "11": 2,
      "12": 2,
      "13": 1,
      "14": 1,
      "15": 1,
      "16": 2,
      "17": 3,
      "18": 1,
      "19": 2,
      "20": 2,
      "21": 1,
      "22": 1,
      "23": 2,
      "24": 4,
      "25": 4,
      "26": 4,
      "27": 2,
      "28": 2,
      "29": 2,
      "30": 2,
      "31": 1,
      "32": 1,
      "33": 1,
      "34": 1,
      "35": 2,
      "36": 5,
      "37": 0,
      "38": 0,
      "39": 2,
      "40": 2,
      "41": 2,
      "42": 2,
      "43": 2,
      "44": 6,
      "45": 2,
      "46": 2,
      "47": 2,
      "48": 0,
      "49": 0,
      "50": 0,
      "51": 2,
      "52": 6,
      "53": 1,
      "54": 5,
      "55": 5,
      "56": 5,
      "57": 5,
      "58": 5,
      "59": 1,
      "60": 4,
      "61": 1,
      "62": 3,
      "63": 3,
      "64": 1,
      "65": 2,
      "66": 2,
      "67": 2,
      "68": 2,
      "69": 2,
      "70": 1,
      "71": 1,
      "72": 1,
      "73": 2,
      "74": 7,
      "75": 2,
      "76": 5,
      "77": 5,
      "78": 5,
      "79": 1,
      "80": 4,
      "81": 1,
      "82": 3,
      "83": 1,
      "84": 2,
      "85": 2,
      "86": 1,
      "87": 1,
      "88": 1,
      "89": 2
    },
    "f": {
      "0": 5,
      "1": 3,
      "2": 4,
      "3": 5,
      "4": 0,
      "5": 2,
      "6": 0,
      "7": 6,
      "8": 7
    },
    "b": {
      "0": [
        1,
        3
      ],
      "1": [
        1,
        2
      ],
      "2": [
        3,
        2
      ],
      "3": [
        1,
        1
      ],
      "4": [
        1,
        2
      ],
      "5": [
        2,
        2
      ],
      "6": [
        0,
        0
      ],
      "7": [
        2,
        0
      ],
      "8": [
        2,
        2
      ],
      "9": [
        0,
        0
      ],
      "10": [
        1,
        5
      ],
      "11": [
        1,
        4
      ],
      "12": [
        1,
        3
      ],
      "13": [
        4,
        4
      ],
      "14": [
        1,
        2
      ],
      "15": [
        2,
        5
      ],
      "16": [
        7,
        6
      ],
      "17": [
        1,
        4
      ],
      "18": [
        1,
        3
      ],
      "19": [
        4,
        4
      ],
      "20": [
        1,
        2
      ]
    },
    "_coverageSchema": "1a1c01bbd47fc00a2c39e90264f33305004495a9",
    "hash": "ae829ca89fd08bcef67db8e376807ed027709a2e",
    "contentHash": "c39fcc05a44f12b2480dfedc83fdca31b3812dd001e95b21e6841164ab6e85b3"
  },
  "/home/delia/Workspace/movies2uExpress/src/routes/users.js": {
    "path": "/home/delia/Workspace/movies2uExpress/src/routes/users.js",
    "statementMap": {
      "0": {
        "start": {
          "line": 1,
          "column": 16
        },
        "end": {
          "line": 1,
          "column": 34
        }
      },
      "1": {
        "start": {
          "line": 2,
          "column": 15
        },
        "end": {
          "line": 2,
          "column": 31
        }
      },
      "2": {
        "start": {
          "line": 3,
          "column": 45
        },
        "end": {
          "line": 3,
          "column": 76
        }
      },
      "3": {
        "start": {
          "line": 4,
          "column": 20
        },
        "end": {
          "line": 4,
          "column": 49
        }
      },
      "4": {
        "start": {
          "line": 56,
          "column": 0
        },
        "end": {
          "line": 56,
          "column": 30
        }
      },
      "5": {
        "start": {
          "line": 80,
          "column": 0
        },
        "end": {
          "line": 80,
          "column": 32
        }
      },
      "6": {
        "start": {
          "line": 100,
          "column": 0
        },
        "end": {
          "line": 100,
          "column": 35
        }
      },
      "7": {
        "start": {
          "line": 102,
          "column": 0
        },
        "end": {
          "line": 102,
          "column": 23
        }
      }
    },
    "fnMap": {},
    "branchMap": {},
    "s": {
      "0": 1,
      "1": 1,
      "2": 1,
      "3": 1,
      "4": 1,
      "5": 1,
      "6": 1,
      "7": 1
    },
    "f": {},
    "b": {},
    "_coverageSchema": "1a1c01bbd47fc00a2c39e90264f33305004495a9",
    "hash": "e9335245e7433e673804001d1faf6cc21faf6af1",
    "contentHash": "9a8b00856f066543d20d1d810ab0699dd8773e6c05b93d7743c1de32848adc1d"
  },
  "/home/delia/Workspace/movies2uExpress/src/controllers/users.js": {
    "path": "/home/delia/Workspace/movies2uExpress/src/controllers/users.js",
    "statementMap": {
      "0": {
        "start": {
          "line": 1,
          "column": 0
        },
        "end": {
          "line": 1,
          "column": 24
        }
      },
      "1": {
        "start": {
          "line": 2,
          "column": 12
        },
        "end": {
          "line": 2,
          "column": 35
        }
      },
      "2": {
        "start": {
          "line": 3,
          "column": 15
        },
        "end": {
          "line": 3,
          "column": 34
        }
      },
      "3": {
        "start": {
          "line": 4,
          "column": 13
        },
        "end": {
          "line": 4,
          "column": 39
        }
      },
      "4": {
        "start": {
          "line": 5,
          "column": 21
        },
        "end": {
          "line": 5,
          "column": 53
        }
      },
      "5": {
        "start": {
          "line": 11,
          "column": 21
        },
        "end": {
          "line": 38,
          "column": 2
        }
      },
      "6": {
        "start": {
          "line": 12,
          "column": 30
        },
        "end": {
          "line": 12,
          "column": 38
        }
      },
      "7": {
        "start": {
          "line": 13,
          "column": 2
        },
        "end": {
          "line": 17,
          "column": 3
        }
      },
      "8": {
        "start": {
          "line": 14,
          "column": 4
        },
        "end": {
          "line": 16,
          "column": 6
        }
      },
      "9": {
        "start": {
          "line": 18,
          "column": 2
        },
        "end": {
          "line": 37,
          "column": 3
        }
      },
      "10": {
        "start": {
          "line": 19,
          "column": 23
        },
        "end": {
          "line": 19,
          "column": 52
        }
      },
      "11": {
        "start": {
          "line": 20,
          "column": 4
        },
        "end": {
          "line": 24,
          "column": 5
        }
      },
      "12": {
        "start": {
          "line": 21,
          "column": 6
        },
        "end": {
          "line": 23,
          "column": 8
        }
      },
      "13": {
        "start": {
          "line": 25,
          "column": 17
        },
        "end": {
          "line": 25,
          "column": 41
        }
      },
      "14": {
        "start": {
          "line": 26,
          "column": 27
        },
        "end": {
          "line": 26,
          "column": 60
        }
      },
      "15": {
        "start": {
          "line": 27,
          "column": 17
        },
        "end": {
          "line": 27,
          "column": 71
        }
      },
      "16": {
        "start": {
          "line": 28,
          "column": 4
        },
        "end": {
          "line": 32,
          "column": 6
        }
      },
      "17": {
        "start": {
          "line": 34,
          "column": 4
        },
        "end": {
          "line": 36,
          "column": 6
        }
      },
      "18": {
        "start": {
          "line": 44,
          "column": 18
        },
        "end": {
          "line": 58,
          "column": 2
        }
      },
      "19": {
        "start": {
          "line": 45,
          "column": 30
        },
        "end": {
          "line": 45,
          "column": 38
        }
      },
      "20": {
        "start": {
          "line": 46,
          "column": 15
        },
        "end": {
          "line": 46,
          "column": 44
        }
      },
      "21": {
        "start": {
          "line": 47,
          "column": 2
        },
        "end": {
          "line": 57,
          "column": 3
        }
      },
      "22": {
        "start": {
          "line": 48,
          "column": 4
        },
        "end": {
          "line": 53,
          "column": 6
        }
      },
      "23": {
        "start": {
          "line": 55,
          "column": 4
        },
        "end": {
          "line": 55,
          "column": 19
        }
      },
      "24": {
        "start": {
          "line": 56,
          "column": 4
        },
        "end": {
          "line": 56,
          "column": 42
        }
      },
      "25": {
        "start": {
          "line": 64,
          "column": 16
        },
        "end": {
          "line": 71,
          "column": 2
        }
      },
      "26": {
        "start": {
          "line": 66,
          "column": 25
        },
        "end": {
          "line": 66,
          "column": 57
        }
      },
      "27": {
        "start": {
          "line": 67,
          "column": 2
        },
        "end": {
          "line": 70,
          "column": 4
        }
      },
      "28": {
        "start": {
          "line": 76,
          "column": 17
        },
        "end": {
          "line": 78,
          "column": 1
        }
      },
      "29": {
        "start": {
          "line": 77,
          "column": 2
        },
        "end": {
          "line": 77,
          "column": 71
        }
      },
      "30": {
        "start": {
          "line": 80,
          "column": 0
        },
        "end": {
          "line": 80,
          "column": 63
        }
      }
    },
    "fnMap": {
      "0": {
        "name": "(anonymous_0)",
        "decl": {
          "start": {
            "line": 11,
            "column": 34
          },
          "end": {
            "line": 11,
            "column": 35
          }
        },
        "loc": {
          "start": {
            "line": 11,
            "column": 54
          },
          "end": {
            "line": 38,
            "column": 1
          }
        },
        "line": 11
      },
      "1": {
        "name": "(anonymous_1)",
        "decl": {
          "start": {
            "line": 44,
            "column": 31
          },
          "end": {
            "line": 44,
            "column": 32
          }
        },
        "loc": {
          "start": {
            "line": 44,
            "column": 51
          },
          "end": {
            "line": 58,
            "column": 1
          }
        },
        "line": 44
      },
      "2": {
        "name": "(anonymous_2)",
        "decl": {
          "start": {
            "line": 64,
            "column": 29
          },
          "end": {
            "line": 64,
            "column": 30
          }
        },
        "loc": {
          "start": {
            "line": 64,
            "column": 49
          },
          "end": {
            "line": 71,
            "column": 1
          }
        },
        "line": 64
      },
      "3": {
        "name": "(anonymous_3)",
        "decl": {
          "start": {
            "line": 76,
            "column": 17
          },
          "end": {
            "line": 76,
            "column": 18
          }
        },
        "loc": {
          "start": {
            "line": 76,
            "column": 25
          },
          "end": {
            "line": 78,
            "column": 1
          }
        },
        "line": 76
      }
    },
    "branchMap": {
      "0": {
        "loc": {
          "start": {
            "line": 13,
            "column": 2
          },
          "end": {
            "line": 17,
            "column": 3
          }
        },
        "type": "if",
        "locations": [
          {
            "start": {
              "line": 13,
              "column": 2
            },
            "end": {
              "line": 17,
              "column": 3
            }
          },
          {
            "start": {
              "line": 13,
              "column": 2
            },
            "end": {
              "line": 17,
              "column": 3
            }
          }
        ],
        "line": 13
      },
      "1": {
        "loc": {
          "start": {
            "line": 13,
            "column": 6
          },
          "end": {
            "line": 13,
            "column": 25
          }
        },
        "type": "binary-expr",
        "locations": [
          {
            "start": {
              "line": 13,
              "column": 6
            },
            "end": {
              "line": 13,
              "column": 12
            }
          },
          {
            "start": {
              "line": 13,
              "column": 16
            },
            "end": {
              "line": 13,
              "column": 25
            }
          }
        ],
        "line": 13
      },
      "2": {
        "loc": {
          "start": {
            "line": 20,
            "column": 4
          },
          "end": {
            "line": 24,
            "column": 5
          }
        },
        "type": "if",
        "locations": [
          {
            "start": {
              "line": 20,
              "column": 4
            },
            "end": {
              "line": 24,
              "column": 5
            }
          },
          {
            "start": {
              "line": 20,
              "column": 4
            },
            "end": {
              "line": 24,
              "column": 5
            }
          }
        ],
        "line": 20
      },
      "3": {
        "loc": {
          "start": {
            "line": 47,
            "column": 2
          },
          "end": {
            "line": 57,
            "column": 3
          }
        },
        "type": "if",
        "locations": [
          {
            "start": {
              "line": 47,
              "column": 2
            },
            "end": {
              "line": 57,
              "column": 3
            }
          },
          {
            "start": {
              "line": 47,
              "column": 2
            },
            "end": {
              "line": 57,
              "column": 3
            }
          }
        ],
        "line": 47
      },
      "4": {
        "loc": {
          "start": {
            "line": 47,
            "column": 6
          },
          "end": {
            "line": 47,
            "column": 61
          }
        },
        "type": "binary-expr",
        "locations": [
          {
            "start": {
              "line": 47,
              "column": 6
            },
            "end": {
              "line": 47,
              "column": 10
            }
          },
          {
            "start": {
              "line": 47,
              "column": 15
            },
            "end": {
              "line": 47,
              "column": 60
            }
          }
        ],
        "line": 47
      }
    },
    "s": {
      "0": 2,
      "1": 2,
      "2": 2,
      "3": 2,
      "4": 2,
      "5": 2,
      "6": 9,
      "7": 9,
      "8": 4,
      "9": 5,
      "10": 5,
      "11": 5,
      "12": 2,
      "13": 3,
      "14": 3,
      "15": 3,
      "16": 1,
      "17": 2,
      "18": 2,
      "19": 3,
      "20": 3,
      "21": 3,
      "22": 1,
      "23": 2,
      "24": 2,
      "25": 2,
      "26": 0,
      "27": 0,
      "28": 2,
      "29": 3,
      "30": 2
    },
    "f": {
      "0": 9,
      "1": 3,
      "2": 0,
      "3": 3
    },
    "b": {
      "0": [
        4,
        5
      ],
      "1": [
        9,
        6
      ],
      "2": [
        2,
        3
      ],
      "3": [
        1,
        2
      ],
      "4": [
        3,
        2
      ]
    },
    "_coverageSchema": "1a1c01bbd47fc00a2c39e90264f33305004495a9",
    "hash": "6ce452275b2abddcf61cfe9cf3cbbfd13cf8bbd9",
    "contentHash": "1eb4b6f87c719a3dda486ead1c77f927613fb3f7d1f952594929e06e9f9d73a1"
  }
}